2025-04-28 20:21:05 - START SCRIPT:
2025-04-28 20:21:05 - Ошибка с прокси package-272340-country-rs-opt-wb:g4iqzdruD5HezJUa@proxy.soax.com:5000: Message: Unable to obtain driver for chrome; For documentation on this error, please visit: https://www.selenium.dev/documentation/webdriver/troubleshooting/errors/driver_location

2025-04-28 20:21:05 - Ошибка с прокси package-272340-country-rs-opt-wb:g4iqzdruD5HezJUa@proxy.soax.com:5000, пробуем снова...
2025-04-28 20:21:07 - Ошибка с прокси package-272340-country-rs-opt-wb:g4iqzdruD5HezJUa@proxy.soax.com:5000: Message: Unable to obtain driver for chrome; For documentation on this error, please visit: https://www.selenium.dev/documentation/webdriver/troubleshooting/errors/driver_location

2025-04-28 20:21:07 - Ошибка с прокси package-272340-country-rs-opt-wb:g4iqzdruD5HezJUa@proxy.soax.com:5000, пробуем снова...
2025-04-28 20:21:09 - Ошибка с прокси package-272340-country-rs-opt-wb:g4iqzdruD5HezJUa@proxy.soax.com:5000: Message: Unable to obtain driver for chrome; For documentation on this error, please visit: https://www.selenium.dev/documentation/webdriver/troubleshooting/errors/driver_location

2025-04-28 20:21:09 - Ошибка с прокси package-272340-country-rs-opt-wb:g4iqzdruD5HezJUa@proxy.soax.com:5000, пробуем снова...
2025-04-28 20:21:20 - START SCRIPT:
2025-04-28 20:21:20 - Ошибка с прокси package-272340-country-rs-opt-wb:g4iqzdruD5HezJUa@proxy.soax.com:5000: Message: Unable to obtain driver for chrome; For documentation on this error, please visit: https://www.selenium.dev/documentation/webdriver/troubleshooting/errors/driver_location

2025-04-28 20:21:20 - Ошибка с прокси package-272340-country-rs-opt-wb:g4iqzdruD5HezJUa@proxy.soax.com:5000, пробуем снова...
2025-04-28 20:21:22 - Ошибка с прокси package-272340-country-rs-opt-wb:g4iqzdruD5HezJUa@proxy.soax.com:5000: Message: Unable to obtain driver for chrome; For documentation on this error, please visit: https://www.selenium.dev/documentation/webdriver/troubleshooting/errors/driver_location

2025-04-28 20:21:22 - Ошибка с прокси package-272340-country-rs-opt-wb:g4iqzdruD5HezJUa@proxy.soax.com:5000, пробуем снова...
2025-04-28 20:21:38 - START SCRIPT:
2025-04-28 20:21:39 - Ошибка с прокси package-272340-country-rs-opt-wb:g4iqzdruD5HezJUa@proxy.soax.com:5000: Message: session not created
from unknown error: no chrome binary at /usr/bin/chromium
Stacktrace:
0   chromedriver                        0x00000001031f6a54 cxxbridge1$str$ptr + 2803960
1   chromedriver                        0x00000001031eecf0 cxxbridge1$str$ptr + 2771860
2   chromedriver                        0x0000000102d3a864 cxxbridge1$string$len + 93028
3   chromedriver                        0x0000000102d6b3bc cxxbridge1$string$len + 292540
4   chromedriver                        0x0000000102d69ce4 cxxbridge1$string$len + 286692
5   chromedriver                        0x0000000102dae820 cxxbridge1$string$len + 568096
6   chromedriver                        0x0000000102dae090 cxxbridge1$string$len + 566160
7   chromedriver                        0x0000000102d757ec cxxbridge1$string$len + 334572
8   chromedriver                        0x00000001031bbccc cxxbridge1$str$ptr + 2562928
9   chromedriver                        0x00000001031bef98 cxxbridge1$str$ptr + 2575932
10  chromedriver                        0x000000010319c2c4 cxxbridge1$str$ptr + 2433384
11  chromedriver                        0x00000001031bf810 cxxbridge1$str$ptr + 2578100
12  chromedriver                        0x000000010318d2f0 cxxbridge1$str$ptr + 2371988
13  chromedriver                        0x00000001031df57c cxxbridge1$str$ptr + 2708512
14  chromedriver                        0x00000001031df708 cxxbridge1$str$ptr + 2708908
15  chromedriver                        0x00000001031ee93c cxxbridge1$str$ptr + 2770912
16  libsystem_pthread.dylib             0x0000000181d72034 _pthread_start + 136
17  libsystem_pthread.dylib             0x0000000181d6ce3c thread_start + 8

2025-04-28 20:21:39 - Ошибка с прокси package-272340-country-rs-opt-wb:g4iqzdruD5HezJUa@proxy.soax.com:5000, пробуем снова...
2025-04-28 20:21:41 - Ошибка с прокси package-272340-country-rs-opt-wb:g4iqzdruD5HezJUa@proxy.soax.com:5000: Message: session not created
from unknown error: no chrome binary at /usr/bin/chromium
Stacktrace:
0   chromedriver                        0x0000000100a4ea54 cxxbridge1$str$ptr + 2803960
1   chromedriver                        0x0000000100a46cf0 cxxbridge1$str$ptr + 2771860
2   chromedriver                        0x0000000100592864 cxxbridge1$string$len + 93028
3   chromedriver                        0x00000001005c33bc cxxbridge1$string$len + 292540
4   chromedriver                        0x00000001005c1ce4 cxxbridge1$string$len + 286692
5   chromedriver                        0x0000000100606820 cxxbridge1$string$len + 568096
6   chromedriver                        0x0000000100606090 cxxbridge1$string$len + 566160
7   chromedriver                        0x00000001005cd7ec cxxbridge1$string$len + 334572
8   chromedriver                        0x0000000100a13ccc cxxbridge1$str$ptr + 2562928
9   chromedriver                        0x0000000100a16f98 cxxbridge1$str$ptr + 2575932
10  chromedriver                        0x00000001009f42c4 cxxbridge1$str$ptr + 2433384
11  chromedriver                        0x0000000100a17810 cxxbridge1$str$ptr + 2578100
12  chromedriver                        0x00000001009e52f0 cxxbridge1$str$ptr + 2371988
13  chromedriver                        0x0000000100a3757c cxxbridge1$str$ptr + 2708512
14  chromedriver                        0x0000000100a37708 cxxbridge1$str$ptr + 2708908
15  chromedriver                        0x0000000100a4693c cxxbridge1$str$ptr + 2770912
16  libsystem_pthread.dylib             0x0000000181d72034 _pthread_start + 136
17  libsystem_pthread.dylib             0x0000000181d6ce3c thread_start + 8

2025-04-28 20:21:41 - Ошибка с прокси package-272340-country-rs-opt-wb:g4iqzdruD5HezJUa@proxy.soax.com:5000, пробуем снова...
2025-04-28 20:21:44 - Ошибка с прокси package-272340-country-rs-opt-wb:g4iqzdruD5HezJUa@proxy.soax.com:5000: Message: session not created
from unknown error: no chrome binary at /usr/bin/chromium
Stacktrace:
0   chromedriver                        0x00000001026caa54 cxxbridge1$str$ptr + 2803960
1   chromedriver                        0x00000001026c2cf0 cxxbridge1$str$ptr + 2771860
2   chromedriver                        0x000000010220e864 cxxbridge1$string$len + 93028
3   chromedriver                        0x000000010223f3bc cxxbridge1$string$len + 292540
4   chromedriver                        0x000000010223dce4 cxxbridge1$string$len + 286692
5   chromedriver                        0x0000000102282820 cxxbridge1$string$len + 568096
6   chromedriver                        0x0000000102282090 cxxbridge1$string$len + 566160
7   chromedriver                        0x00000001022497ec cxxbridge1$string$len + 334572
8   chromedriver                        0x000000010268fccc cxxbridge1$str$ptr + 2562928
9   chromedriver                        0x0000000102692f98 cxxbridge1$str$ptr + 2575932
10  chromedriver                        0x00000001026702c4 cxxbridge1$str$ptr + 2433384
11  chromedriver                        0x0000000102693810 cxxbridge1$str$ptr + 2578100
12  chromedriver                        0x00000001026612f0 cxxbridge1$str$ptr + 2371988
13  chromedriver                        0x00000001026b357c cxxbridge1$str$ptr + 2708512
14  chromedriver                        0x00000001026b3708 cxxbridge1$str$ptr + 2708908
15  chromedriver                        0x00000001026c293c cxxbridge1$str$ptr + 2770912
16  libsystem_pthread.dylib             0x0000000181d72034 _pthread_start + 136
17  libsystem_pthread.dylib             0x0000000181d6ce3c thread_start + 8

2025-04-28 20:21:44 - Ошибка с прокси package-272340-country-rs-opt-wb:g4iqzdruD5HezJUa@proxy.soax.com:5000, пробуем снова...
2025-04-28 20:21:56 - START SCRIPT:
2025-04-28 22:48:09 - START SCRIPT:
2025-04-28 22:48:09 - Ошибка с прокси package-272340-country-rs-opt-wb:g4iqzdruD5HezJUa@proxy.soax.com:5000: Message: Unable to obtain driver for chrome; For documentation on this error, please visit: https://www.selenium.dev/documentation/webdriver/troubleshooting/errors/driver_location

2025-04-28 22:48:09 - Ошибка с прокси package-272340-country-rs-opt-wb:g4iqzdruD5HezJUa@proxy.soax.com:5000, пробуем снова...
2025-04-28 22:48:11 - Ошибка с прокси package-272340-country-rs-opt-wb:g4iqzdruD5HezJUa@proxy.soax.com:5000: Message: Unable to obtain driver for chrome; For documentation on this error, please visit: https://www.selenium.dev/documentation/webdriver/troubleshooting/errors/driver_location

2025-04-28 22:48:11 - Ошибка с прокси package-272340-country-rs-opt-wb:g4iqzdruD5HezJUa@proxy.soax.com:5000, пробуем снова...
2025-04-28 22:48:13 - Ошибка с прокси package-272340-country-rs-opt-wb:g4iqzdruD5HezJUa@proxy.soax.com:5000: Message: Unable to obtain driver for chrome; For documentation on this error, please visit: https://www.selenium.dev/documentation/webdriver/troubleshooting/errors/driver_location

2025-04-28 22:48:13 - Ошибка с прокси package-272340-country-rs-opt-wb:g4iqzdruD5HezJUa@proxy.soax.com:5000, пробуем снова...
2025-04-28 22:49:54 - START SCRIPT:
2025-04-28 22:50:08 - Прокси package-272340-country-rs-opt-wb:g4iqzdruD5HezJUa@proxy.soax.com:5000 работает!
2025-04-28 22:50:08 - [ACTION] Clicking on Change Language Button
2025-04-28 22:50:08 - [ACTION] Page fully loaded
2025-04-28 22:50:08 - [ACTION] Scrolled into view: //button[@id="langSelector"]
2025-04-28 22:50:10 - [WARNING] Element was not perfectly centered: Message: 

2025-04-28 22:50:11 - [ACTION] Clicked element normally: //button[@id="langSelector"]
2025-04-28 22:50:11 - [ACTION] Clicking on English Button
2025-04-28 22:50:11 - [ACTION] Page fully loaded
2025-04-28 22:50:11 - [ACTION] Scrolled into view: //a//img[@src="/content/en.png"]
2025-04-28 22:50:13 - [WARNING] Element was not perfectly centered: Message: 

2025-04-28 22:50:13 - [ACTION] Clicked element normally: //a//img[@src="/content/en.png"]
2025-04-28 22:50:13 - [ACTION] Clicking on Select Consulate Modal Button
2025-04-28 22:50:13 - [ACTION] Page fully loaded
2025-04-28 22:50:13 - [ACTION] Scrolled into view: //button[@data-target="#modal2"]
2025-04-28 22:50:14 - [ACTION] Element is centered on screen
2025-04-28 22:50:14 - [ACTION] Clicked element normally: //button[@data-target="#modal2"]
2025-04-28 22:50:14 - [ACTION] Page fully loaded
2025-04-28 22:50:15 - [ACTION] Scrolled into view: //h5[contains(normalize-space(text()), "Please select a Consulate")]/../..//input[@id="f05149cd-51b4-417d-912b-9b8e1af999b6"]
2025-04-28 22:50:15 - [ACTION] Element is centered on screen
2025-04-28 22:50:15 - [ACTION] Clicked element normally: //h5[contains(normalize-space(text()), "Please select a Consulate")]/../..//input[@id="f05149cd-51b4-417d-912b-9b8e1af999b6"]
2025-04-28 22:50:15 - [ACTION] Clicking on Select Type of Application Modal Button
2025-04-28 22:50:15 - [ACTION] Page fully loaded
2025-04-28 22:50:16 - [ACTION] Scrolled into view: //button[@data-target="#modalCases"]
2025-04-28 22:50:16 - [ACTION] Element is centered on screen
2025-04-28 22:50:16 - [ACTION] Clicked element normally: //button[@data-target="#modalCases"]
2025-04-28 22:50:16 - [ACTION] Page fully loaded
2025-04-28 22:50:17 - [ACTION] Scrolled into view: //h5[contains(normalize-space(text()), "Applications")]/../..//input[@id="f99c16f2-fc31-49ed-8fd8-e044f6500b14"]
2025-04-28 22:50:19 - [WARNING] Element was not perfectly centered: Message: 

2025-04-28 22:50:19 - [ACTION] Clicked element normally: //h5[contains(normalize-space(text()), "Applications")]/../..//input[@id="f99c16f2-fc31-49ed-8fd8-e044f6500b14"]
2025-04-28 22:50:19 - [ACTION] Page fully loaded
2025-04-28 22:50:19 - [ACTION] Scrolled into view: //h5[contains(normalize-space(text()), "Applications")]/../..//button[@class="btn btn-success"]
2025-04-28 22:50:21 - [WARNING] Element was not perfectly centered: Message: 

2025-04-28 22:50:21 - [ACTION] Clicked element normally: //h5[contains(normalize-space(text()), "Applications")]/../..//button[@class="btn btn-success"]
2025-04-28 22:50:21 - [ACTION] Filling Name Input with 'Aslan Gurbanov'
2025-04-28 22:50:21 - [ACTION] Page fully loaded
2025-04-28 22:50:21 - [ACTION] Scrolled into view: //input[@id="label4"]
2025-04-28 22:50:22 - [ACTION] Element is centered on screen
2025-04-28 22:50:22 - [ACTION] Filled element //input[@id="label4"] with value 'Aslan Gurbanov'
2025-04-28 22:50:22 - [ACTION] Filling Date of Birth Input with '30/10/1997'
2025-04-28 22:50:22 - [ACTION] Page fully loaded
2025-04-28 22:50:22 - [ACTION] Scrolled into view: //input[@id="birthDate"]
2025-04-28 22:50:22 - [ACTION] Element is centered on screen
2025-04-28 22:50:22 - [ACTION] Filled element //input[@id="birthDate"] with value '30/10/1997'
2025-04-28 22:50:22 - [ACTION] Filling Phone Number Input with '+381616328012'
2025-04-28 22:50:22 - [ACTION] Page fully loaded
2025-04-28 22:50:22 - [ACTION] Scrolled into view: //input[@id="label9"]
2025-04-28 22:50:23 - [ACTION] Element is centered on screen
2025-04-28 22:50:23 - [ACTION] Filled element //input[@id="label9"] with value '+381616328012'
2025-04-28 22:50:23 - [ACTION] Filling Email Address Input with 'heydevaslan@gmail.com'
2025-04-28 22:50:23 - [ACTION] Page fully loaded
2025-04-28 22:50:23 - [ACTION] Scrolled into view: //input[@id="label10"]
2025-04-28 22:50:24 - [ACTION] Element is centered on screen
2025-04-28 22:50:24 - [ACTION] Filled element //input[@id="label10"] with value 'heydevaslan@gmail.com'
2025-04-28 22:50:24 - [ACTION] Filling Re-Email Address Input with 'heydevaslan@gmail.com'
2025-04-28 22:50:24 - [ACTION] Page fully loaded
2025-04-28 22:50:24 - [ACTION] Scrolled into view: //label[contains(text(), "Re-enter the email address")]/..//input
2025-04-28 22:50:26 - [WARNING] Element was not perfectly centered: Message: 

2025-04-28 22:50:26 - [ACTION] Filled element //label[contains(text(), "Re-enter the email address")]/..//input with value 'heydevaslan@gmail.com'
2025-04-28 22:50:26 - [ACTION] Filling Citizenship Input with 'Russian Federation'
2025-04-28 22:50:26 - [ACTION] Page fully loaded
2025-04-28 22:50:26 - [ACTION] Scrolled into view: //input[@id="label1000"]
2025-04-28 22:50:28 - [WARNING] Element was not perfectly centered: Message: 

2025-04-28 22:50:28 - [ACTION] Filled element //input[@id="label1000"] with value 'Russian Federation'
2025-04-28 22:50:28 - [ACTION] Filling Passport Number Input with '55 1373394'
2025-04-28 22:50:28 - [ACTION] Page fully loaded
2025-04-28 22:50:28 - [ACTION] Scrolled into view: //input[@id="label1001"]
2025-04-28 22:50:30 - [WARNING] Element was not perfectly centered: Message: 

2025-04-28 22:50:30 - [ACTION] Filled element //input[@id="label1001"] with value '55 1373394'
2025-04-28 22:50:30 - [ACTION] Clicking on 'I have read policy' Checkbox
2025-04-28 22:50:30 - [ACTION] Page fully loaded
2025-04-28 22:50:30 - [ACTION] Scrolled into view: //input[@id="slabel13"]
2025-04-28 22:50:33 - [WARNING] Element was not perfectly centered: Message: 

2025-04-28 22:50:33 - [ACTION] Clicked element normally: //input[@id="slabel13"]
2025-04-28 22:50:33 - [ACTION] Clicking on Personal Data Checkbox
2025-04-28 22:50:33 - [ACTION] Page fully loaded
2025-04-28 22:50:33 - [ACTION] Scrolled into view: //input[@id="label13"]
2025-04-28 22:50:35 - [WARNING] Element was not perfectly centered: Message: 

2025-04-28 22:50:35 - [ACTION] Clicked element normally: //input[@id="label13"]
2025-04-28 22:50:35 - [ACTION] Clicking on Select Appointment Button
2025-04-28 22:50:35 - [ACTION] Page fully loaded
2025-04-28 22:50:35 - [ACTION] Scrolled into view: //button[text()="Select date"]
2025-04-28 22:50:37 - [WARNING] Element was not perfectly centered: Message: 

2025-04-28 22:50:37 - [ACTION] Clicked element normally: //button[text()="Select date"]
2025-04-28 22:50:37 - [ACTION] Checking if 'No Available Appointments' frame is displayed
2025-04-28 22:50:42 - [ACTION] Message sent to Telegram: AVAILABLE APPOINTMENT NOT FOUND (SOSI HUY)
2025-04-28 22:50:43 - [ACTION] Photo sent to Telegram: screenshot_1745873442.png
2025-04-28 22:50:43 - Screenshot screenshot_1745873442.png deleted.
